d:\ra207-2016\vezba6\imagedsp\build\vs2015\imagedsp\imagedsp\x64\debug\vc140.pdb
d:\ra207-2016\vezba6\imagedsp\build\vs2015\imagedsp\imagedsp\x64\debug\moc_mainwindow.obj
d:\ra207-2016\vezba6\imagedsp\build\vs2015\imagedsp\imagedsp\x64\debug\moc_itemwidget.obj
d:\ra207-2016\vezba6\imagedsp\build\vs2015\imagedsp\imagedsp\x64\debug\moc_inimgitem.obj
d:\ra207-2016\vezba6\imagedsp\build\vs2015\imagedsp\imagedsp\x64\debug\moc_imageviewer.obj
d:\ra207-2016\vezba6\imagedsp\build\vs2015\imagedsp\imagedsp\x64\debug\moc_hoveredittriggerlistview.obj
d:\ra207-2016\vezba6\imagedsp\build\vs2015\imagedsp\imagedsp\x64\debug\nxndct.obj
d:\ra207-2016\vezba6\imagedsp\build\vs2015\imagedsp\imagedsp\x64\debug\dct.obj
d:\ra207-2016\vezba6\imagedsp\build\vs2015\imagedsp\imagedsp\x64\debug\universalitemdelegate.obj
d:\ra207-2016\vezba6\imagedsp\build\vs2015\imagedsp\imagedsp\x64\debug\tablemodel.obj
d:\ra207-2016\vezba6\imagedsp\build\vs2015\imagedsp\imagedsp\x64\debug\project.obj
d:\ra207-2016\vezba6\imagedsp\build\vs2015\imagedsp\imagedsp\x64\debug\paramitem.obj
d:\ra207-2016\vezba6\imagedsp\build\vs2015\imagedsp\imagedsp\x64\debug\mainwindow.obj
d:\ra207-2016\vezba6\imagedsp\build\vs2015\imagedsp\imagedsp\x64\debug\main.obj
d:\ra207-2016\vezba6\imagedsp\build\vs2015\imagedsp\imagedsp\x64\debug\itemwidget.obj
d:\ra207-2016\vezba6\imagedsp\build\vs2015\imagedsp\imagedsp\x64\debug\inimgitem.obj
d:\ra207-2016\vezba6\imagedsp\build\vs2015\imagedsp\imagedsp\x64\debug\imageviewer.obj
d:\ra207-2016\vezba6\imagedsp\build\vs2015\imagedsp\imagedsp\x64\debug\imageprocessing.obj
d:\ra207-2016\vezba6\imagedsp\build\vs2015\imagedsp\imagedsp\x64\debug\imagefilter.obj
d:\ra207-2016\vezba6\imagedsp\build\vs2015\imagedsp\imagedsp\x64\debug\hoveredittriggerlistview.obj
d:\ra207-2016\vezba6\imagedsp\build\vs2015\imagedsp\imagedsp\x64\debug\colorspaces.obj
d:\ra207-2016\vezba6\imagedsp\build\vs2015\imagedsp\imagedsp\x64\debug\moc_universalitemdelegate.obj
d:\ra207-2016\vezba6\imagedsp\build\vs2015\imagedsp\imagedsp\x64\debug\moc_tablemodel.obj
d:\ra207-2016\vezba6\imagedsp\build\vs2015\imagedsp\imagedsp\x64\debug\moc_project.obj
d:\ra207-2016\vezba6\imagedsp\build\vs2015\imagedsp\imagedsp\x64\debug\moc_paramitem.obj
d:\ra207-2016\vezba6\imagedsp\build\vs2015\imagedsp\imagedsp\x64\debug\qrc_imagedsp.obj
d:\ra207-2016\vezba6\imagedsp\build\vs2015\imagedsp\imagedsp\generatedfiles\debug\moc_universalitemdelegate.cpp
d:\ra207-2016\vezba6\imagedsp\build\vs2015\imagedsp\imagedsp\generatedfiles\debug\moc_tablemodel.cpp
d:\ra207-2016\vezba6\imagedsp\build\vs2015\imagedsp\imagedsp\generatedfiles\debug\moc_project.cpp
d:\ra207-2016\vezba6\imagedsp\build\vs2015\imagedsp\imagedsp\generatedfiles\debug\moc_paramitem.cpp
d:\ra207-2016\vezba6\imagedsp\build\vs2015\imagedsp\imagedsp\generatedfiles\debug\moc_mainwindow.cpp
d:\ra207-2016\vezba6\imagedsp\build\vs2015\imagedsp\imagedsp\generatedfiles\debug\moc_itemwidget.cpp
d:\ra207-2016\vezba6\imagedsp\build\vs2015\imagedsp\imagedsp\generatedfiles\debug\moc_inimgitem.cpp
d:\ra207-2016\vezba6\imagedsp\build\vs2015\imagedsp\imagedsp\generatedfiles\debug\moc_imageviewer.cpp
d:\ra207-2016\vezba6\imagedsp\build\vs2015\imagedsp\imagedsp\generatedfiles\debug\moc_hoveredittriggerlistview.cpp
d:\ra207-2016\vezba6\imagedsp\build\vs2015\imagedsp\imagedsp\generatedfiles\qrc_imagedsp.cpp
d:\ra207-2016\vezba6\imagedsp\build\vs2015\imagedsp\imagedsp\generatedfiles\ui_inimgitem.h
d:\ra207-2016\vezba6\imagedsp\build\vs2015\imagedsp\imagedsp\generatedfiles\ui_mainwindow.h
d:\ra207-2016\vezba6\imagedsp\build\vs2015\imagedsp\imagedsp\generatedfiles\ui_paramitem.h
d:\ra207-2016\vezba6\imagedsp\build\vs2015\imagedsp\x64\debug\imagedsp.ilk
d:\ra207-2016\vezba6\imagedsp\build\vs2015\imagedsp\x64\debug\imagedsp.exe
d:\ra207-2016\vezba6\imagedsp\build\vs2015\imagedsp\x64\debug\imagedsp.pdb
d:\ra207-2016\vezba6\imagedsp\build\vs2015\imagedsp\imagedsp\x64\debug\imagedsp.tlog\cl.command.1.tlog
d:\ra207-2016\vezba6\imagedsp\build\vs2015\imagedsp\imagedsp\x64\debug\imagedsp.tlog\cl.read.1.tlog
d:\ra207-2016\vezba6\imagedsp\build\vs2015\imagedsp\imagedsp\x64\debug\imagedsp.tlog\cl.write.1.tlog
d:\ra207-2016\vezba6\imagedsp\build\vs2015\imagedsp\imagedsp\x64\debug\imagedsp.tlog\custombuild.command.1.tlog
d:\ra207-2016\vezba6\imagedsp\build\vs2015\imagedsp\imagedsp\x64\debug\imagedsp.tlog\custombuild.read.1.tlog
d:\ra207-2016\vezba6\imagedsp\build\vs2015\imagedsp\imagedsp\x64\debug\imagedsp.tlog\custombuild.write.1.tlog
d:\ra207-2016\vezba6\imagedsp\build\vs2015\imagedsp\imagedsp\x64\debug\imagedsp.tlog\link.command.1.tlog
d:\ra207-2016\vezba6\imagedsp\build\vs2015\imagedsp\imagedsp\x64\debug\imagedsp.tlog\link.read.1.tlog
d:\ra207-2016\vezba6\imagedsp\build\vs2015\imagedsp\imagedsp\x64\debug\imagedsp.tlog\link.write.1.tlog
